TN:
SF:src\components\charts\helpers\buildChartData.js
FN:5,buildChartData
FNF:1
FNH:1
FNDA:7,buildChartData
DA:1,1
DA:2,1
DA:3,1
DA:4,1
DA:5,1
DA:6,7
DA:7,37
DA:8,37
DA:9,37
DA:10,37
DA:11,37
DA:12,37
DA:13,37
DA:14,7
DA:15,7
LF:15
LH:15
BRDA:5,0,0,7
BRDA:6,1,0,37
BRDA:7,2,0,4
BRDA:7,3,0,33
BRF:4
BRH:4
end_of_record
TN:
SF:src\components\charts\helpers\volumeStatus.js
FN:3,getVolumeStatus
FNF:1
FNH:1
FNDA:41,getVolumeStatus
DA:1,1
DA:2,1
DA:3,1
DA:4,41
DA:5,41
DA:6,41
DA:7,34
DA:8,34
LF:8
LH:8
BRDA:3,0,0,41
BRDA:4,1,0,39
BRDA:4,2,0,39
BRDA:4,3,0,2
BRDA:5,4,0,39
BRDA:5,5,0,38
BRDA:5,6,0,3
BRDA:5,7,0,36
BRDA:6,8,0,34
BRDA:6,9,0,2
BRF:10
BRH:10
end_of_record
TN:
SF:src\components\dashboard\PowerHouseVolumeChart.jsx
FN:6,PowerHouseVolumeChart
FN:21,CustomTooltip
FNF:2
FNH:2
FNDA:4,PowerHouseVolumeChart
FNDA:4,CustomTooltip
DA:1,1
DA:2,1
DA:3,1
DA:4,1
DA:6,1
DA:7,4
DA:8,4
DA:9,4
DA:10,4
DA:11,4
DA:12,4
DA:13,4
DA:14,4
DA:15,4
DA:16,4
DA:18,4
DA:21,4
DA:22,4
DA:23,0
DA:24,0
DA:25,0
DA:26,0
DA:28,0
DA:29,0
DA:30,0
DA:31,0
DA:32,0
DA:33,0
DA:34,0
DA:35,0
DA:36,0
DA:37,0
DA:38,0
DA:39,0
DA:40,0
DA:42,0
DA:43,4
DA:44,4
DA:51,4
DA:52,4
DA:53,4
DA:54,4
DA:55,4
DA:56,4
DA:57,4
DA:58,4
DA:59,4
DA:60,4
DA:61,4
DA:62,4
DA:63,4
DA:64,4
DA:65,4
DA:66,4
DA:67,4
DA:68,4
DA:69,4
DA:70,4
DA:71,4
DA:72,4
DA:73,4
DA:74,4
DA:75,4
DA:76,4
DA:77,4
DA:78,4
DA:79,4
DA:80,4
DA:81,4
DA:82,4
DA:83,4
DA:84,4
DA:85,4
DA:86,4
DA:87,4
DA:88,4
DA:91,4
DA:92,4
DA:93,32
DA:94,4
DA:95,4
DA:97,4
DA:98,4
DA:99,4
DA:100,4
DA:101,4
DA:102,4
DA:103,4
DA:104,4
DA:105,4
DA:106,4
DA:107,4
DA:109,4
DA:111,1
LF:94
LH:76
BRDA:6,0,0,4
BRDA:21,1,0,4
BRDA:22,2,0,0
BRDA:22,3,0,0
BRDA:22,4,0,0
BRDA:92,5,0,32
BRF:6
BRH:3
end_of_record
TN:
SF:src\components\dashboard\QuickActions.jsx
FN:6,QuickActions
FN:66,onClick
FNF:2
FNH:1
FNDA:6,QuickActions
FNDA:0,onClick
DA:1,1
DA:2,1
DA:3,1
DA:4,1
DA:6,6
DA:7,6
DA:8,6
DA:9,6
DA:10,0
DA:11,0
DA:12,0
DA:13,0
DA:14,0
DA:15,0
DA:16,0
DA:17,0
DA:18,0
DA:20,0
DA:22,6
DA:23,0
DA:24,0
DA:25,0
DA:27,0
DA:28,0
DA:29,0
DA:30,0
DA:31,0
DA:33,6
DA:34,6
DA:35,6
DA:36,6
DA:37,6
DA:38,0
DA:39,6
DA:40,6
DA:41,6
DA:42,6
DA:43,6
DA:44,6
DA:45,6
DA:46,6
DA:47,6
DA:48,0
DA:49,6
DA:50,6
DA:51,6
DA:52,6
DA:53,6
DA:54,6
DA:55,6
DA:56,6
DA:57,0
DA:58,6
DA:59,6
DA:60,6
DA:61,6
DA:62,6
DA:63,6
DA:64,6
DA:65,6
DA:66,6
DA:67,6
DA:68,6
DA:69,6
DA:71,6
DA:72,6
DA:73,6
DA:75,6
DA:76,6
DA:77,0
DA:78,0
DA:79,0
DA:80,0
DA:81,0
DA:82,0
DA:83,0
DA:84,0
DA:85,0
DA:86,0
DA:87,0
DA:88,0
DA:89,0
DA:90,0
DA:91,0
DA:94,6
DA:95,6
DA:96,24
DA:97,24
DA:98,24
DA:99,24
DA:100,24
DA:103,24
DA:104,6
DA:105,18
DA:106,24
DA:109,24
DA:110,24
DA:111,24
DA:112,6
DA:113,6
DA:114,6
DA:116,6
LF:102
LH:66
BRDA:6,0,0,6
BRDA:9,1,0,0
BRDA:22,2,0,0
BRDA:35,3,0,0
BRDA:37,4,0,0
BRDA:47,5,0,0
BRDA:56,6,0,0
BRDA:76,7,0,0
BRDA:95,8,0,24
BRDA:103,9,0,6
BRDA:104,10,0,18
BRF:11
BRH:4
end_of_record
TN:
SF:src\components\dashboard\SimpleVolumeChart.jsx
FN:3,SimpleVolumeChart
FN:9,updateDimensions
FN:66,getYPosition
FN:67,getXPosition
FN:70,getBarColor
FN:221,onMouseEnter
FN:222,onMouseLeave
FN:434,onMouseEnter
FN:435,onMouseLeave
FNF:9
FNH:6
FNDA:15,SimpleVolumeChart
FNDA:7,updateDimensions
FNDA:769,getYPosition
FNDA:53,getXPosition
FNDA:53,getBarColor
FNDA:1,onMouseEnter
FNDA:0,onMouseLeave
FNDA:0,onMouseEnter
FNDA:0,onMouseLeave
DA:1,1
DA:3,15
DA:4,15
DA:5,15
DA:8,15
DA:9,7
DA:10,7
DA:11,7
DA:12,1
DA:13,7
DA:14,1
DA:15,6
DA:16,2
DA:17,3
DA:18,3
DA:19,3
DA:20,7
DA:22,7
DA:23,7
DA:24,7
DA:25,15
DA:28,15
DA:29,15
DA:30,15
DA:31,15
DA:34,15
DA:36,15
DA:37,2
DA:38,2
DA:40,13
DA:41,13
DA:42,13
DA:43,13
DA:44,13
DA:45,13
DA:46,13
DA:47,13
DA:48,13
DA:49,13
DA:52,13
DA:53,13
DA:54,53
DA:55,53
DA:56,53
DA:57,13
DA:58,13
DA:61,13
DA:62,13
DA:63,13
DA:66,13
DA:67,13
DA:70,13
DA:71,53
DA:72,53
DA:73,53
DA:75,53
DA:76,53
DA:77,49
DA:78,53
DA:81,13
DA:82,15
DA:83,168
DA:84,168
DA:85,13
DA:86,13
DA:87,13
DA:88,13
DA:89,13
DA:90,13
DA:91,13
DA:92,13
DA:93,13
DA:94,13
DA:95,13
DA:97,13
DA:98,13
DA:99,13
DA:100,13
DA:101,13
DA:102,13
DA:103,13
DA:104,13
DA:105,13
DA:106,13
DA:108,13
DA:109,13
DA:110,13
DA:111,13
DA:112,13
DA:113,13
DA:114,13
DA:115,13
DA:116,13
DA:117,13
DA:118,13
DA:119,13
DA:121,13
DA:122,13
DA:123,13
DA:124,13
DA:125,13
DA:126,13
DA:127,13
DA:128,13
DA:129,13
DA:130,13
DA:131,13
DA:132,13
DA:133,13
DA:134,13
DA:135,13
DA:136,13
DA:137,13
DA:138,13
DA:139,13
DA:141,13
DA:144,13
DA:145,168
DA:146,168
DA:147,168
DA:148,168
DA:149,168
DA:150,168
DA:151,168
DA:152,168
DA:153,168
DA:154,168
DA:155,13
DA:158,13
DA:159,53
DA:160,53
DA:161,53
DA:162,53
DA:163,53
DA:164,53
DA:165,53
DA:166,53
DA:167,53
DA:168,53
DA:169,13
DA:172,13
DA:173,13
DA:174,13
DA:175,13
DA:176,13
DA:177,13
DA:178,13
DA:179,13
DA:181,13
DA:182,13
DA:183,13
DA:184,13
DA:185,13
DA:186,13
DA:187,13
DA:188,13
DA:191,13
DA:192,53
DA:193,53
DA:194,53
DA:195,53
DA:196,53
DA:198,53
DA:199,53
DA:200,53
DA:201,53
DA:202,53
DA:203,53
DA:204,53
DA:205,53
DA:206,53
DA:207,53
DA:208,53
DA:209,53
DA:210,53
DA:211,53
DA:212,53
DA:213,53
DA:214,53
DA:215,53
DA:216,53
DA:217,53
DA:218,1
DA:219,52
DA:220,53
DA:221,53
DA:222,53
DA:223,53
DA:225,53
DA:226,53
DA:227,53
DA:228,53
DA:229,53
DA:230,53
DA:231,53
DA:232,53
DA:233,53
DA:234,53
DA:235,53
DA:236,53
DA:238,53
DA:239,53
DA:240,53
DA:242,13
DA:243,13
DA:244,13
DA:245,53
DA:246,53
DA:247,53
DA:248,53
DA:249,13
DA:250,13
DA:251,13
DA:252,13
DA:253,13
DA:254,13
DA:255,13
DA:256,13
DA:257,13
DA:258,13
DA:259,13
DA:260,13
DA:263,13
DA:264,53
DA:265,53
DA:266,53
DA:267,53
DA:268,53
DA:269,53
DA:270,53
DA:271,53
DA:272,53
DA:273,53
DA:274,53
DA:275,53
DA:276,53
DA:277,53
DA:278,53
DA:279,53
DA:280,53
DA:282,13
DA:285,13
DA:286,13
DA:287,53
DA:288,53
DA:289,53
DA:290,53
DA:291,13
DA:292,13
DA:293,13
DA:294,13
DA:295,13
DA:296,13
DA:297,13
DA:298,13
DA:299,13
DA:300,13
DA:301,13
DA:304,13
DA:305,53
DA:306,53
DA:307,53
DA:308,53
DA:309,53
DA:310,53
DA:311,53
DA:312,53
DA:313,53
DA:314,53
DA:315,53
DA:316,53
DA:317,53
DA:318,53
DA:319,53
DA:320,53
DA:321,53
DA:323,13
DA:326,13
DA:327,53
DA:328,53
DA:329,53
DA:330,53
DA:331,53
DA:332,53
DA:333,53
DA:334,53
DA:335,53
DA:337,53
DA:338,53
DA:339,13
DA:342,13
DA:343,168
DA:344,168
DA:345,168
DA:346,168
DA:347,168
DA:348,168
DA:349,168
DA:350,168
DA:352,168
DA:353,168
DA:354,13
DA:355,13
DA:356,1
DA:357,1
DA:358,1
DA:359,1
DA:360,1
DA:361,1
DA:362,1
DA:363,1
DA:364,1
DA:365,1
DA:366,1
DA:367,1
DA:368,1
DA:369,1
DA:370,1
DA:371,1
DA:372,1
DA:373,1
DA:374,1
DA:375,1
DA:376,1
DA:377,1
DA:378,1
DA:379,1
DA:380,1
DA:381,1
DA:382,1
DA:386,15
DA:387,15
DA:388,15
DA:389,15
DA:390,15
DA:391,15
DA:392,15
DA:393,15
DA:394,15
DA:396,15
DA:399,15
DA:400,15
DA:401,15
DA:402,15
DA:403,15
DA:404,15
DA:405,15
DA:406,15
DA:408,15
DA:409,15
DA:410,15
DA:411,15
DA:412,15
DA:413,15
DA:414,15
DA:415,15
DA:416,15
DA:417,15
DA:418,15
DA:419,15
DA:420,15
DA:421,15
DA:422,15
DA:423,15
DA:424,15
DA:425,15
DA:426,15
DA:427,52
DA:428,52
DA:429,52
DA:430,52
DA:431,52
DA:432,52
DA:433,52
DA:434,52
DA:435,52
DA:437,52
DA:438,52
DA:439,52
DA:440,52
DA:441,52
DA:442,52
DA:443,52
DA:444,52
DA:445,52
DA:446,52
DA:447,52
DA:448,52
DA:449,52
DA:450,52
DA:451,52
DA:452,52
DA:453,52
DA:454,52
DA:455,15
DA:456,15
DA:458,15
DA:460,1
LF:398
LH:398
BRDA:3,0,0,15
BRDA:36,1,0,2
BRDA:38,2,0,13
BRDA:82,3,0,168
BRDA:84,4,0,13
BRDA:355,5,0,1
BRDA:377,6,0,0
BRDA:380,7,0,0
BRDA:8,8,0,7
BRDA:9,9,0,7
BRDA:11,10,0,1
BRDA:13,11,0,6
BRDA:13,12,0,1
BRDA:15,13,0,5
BRDA:15,14,0,3
BRDA:15,15,0,2
BRDA:34,16,0,195
BRDA:53,17,0,53
BRDA:54,18,0,0
BRDA:55,19,0,0
BRDA:56,20,0,0
BRDA:66,21,0,769
BRDA:67,22,0,53
BRDA:70,23,0,53
BRDA:71,24,0,0
BRDA:72,25,0,0
BRDA:73,26,0,0
BRDA:75,27,0,2
BRDA:75,28,0,51
BRDA:76,29,0,2
BRDA:76,30,0,49
BRDA:144,31,0,168
BRDA:158,32,0,53
BRDA:191,33,0,53
BRDA:192,34,0,0
BRDA:217,35,0,1
BRDA:218,36,0,52
BRDA:235,37,0,1
BRDA:235,38,0,52
BRDA:221,39,0,1
BRDA:244,40,0,53
BRDA:245,41,0,0
BRDA:263,42,0,53
BRDA:264,43,0,0
BRDA:286,44,0,53
BRDA:287,45,0,0
BRDA:304,46,0,53
BRDA:305,47,0,0
BRDA:326,48,0,53
BRDA:342,49,0,168
BRDA:426,50,0,52
BRDA:439,51,0,26
BRDA:439,52,0,26
BRDA:441,53,0,26
BRDA:441,54,0,26
BRDA:442,55,0,26
BRDA:442,56,0,26
BRDA:443,57,0,26
BRDA:443,58,0,26
BRF:59
BRH:46
end_of_record
TN:
SF:src\components\dashboard\TrainingSplitOverview.jsx
FN:1,TrainingSplitOverview
FNF:1
FNH:1
FNDA:1,TrainingSplitOverview
DA:1,1
DA:2,1
DA:3,1
DA:4,1
DA:5,1
DA:6,1
DA:7,1
DA:8,4
DA:9,4
DA:10,4
DA:12,4
DA:13,1
DA:14,3
DA:15,4
DA:17,4
DA:18,1
DA:19,1
DA:20,4
DA:22,4
DA:23,4
DA:24,1
DA:25,1
DA:26,1
DA:28,1
LF:24
LH:24
BRDA:1,0,0,1
BRDA:2,1,0,0
BRDA:7,2,0,4
BRDA:12,3,0,1
BRDA:13,4,0,3
BRDA:17,5,0,1
BRDA:20,6,0,3
BRF:7
BRH:6
end_of_record
TN:
SF:src\components\dashboard\TrainingStatus.jsx
FN:4,TrainingStatus
FNF:1
FNH:1
FNDA:2,TrainingStatus
DA:1,1
DA:2,1
DA:4,1
DA:6,2
DA:7,2
DA:8,2
DA:9,2
DA:10,2
DA:11,2
DA:12,2
DA:13,2
DA:15,2
DA:17,2
DA:18,2
DA:19,2
DA:20,2
DA:21,2
DA:22,2
DA:23,2
DA:24,2
DA:25,2
DA:26,2
DA:27,2
DA:28,2
DA:29,2
DA:30,2
DA:31,2
DA:32,2
DA:33,2
DA:34,2
DA:35,2
DA:36,2
DA:37,2
DA:38,2
DA:39,2
DA:40,2
DA:41,2
DA:42,2
DA:43,2
DA:44,2
DA:45,2
DA:46,2
DA:47,2
DA:48,2
DA:49,2
DA:50,2
DA:51,2
DA:53,2
DA:54,2
DA:55,12
DA:56,12
DA:57,12
DA:58,12
DA:59,2
DA:60,2
DA:61,2
DA:63,2
DA:65,1
LF:58
LH:58
BRDA:4,0,0,2
BRDA:54,1,0,12
BRF:2
BRH:2
end_of_record
TN:
SF:src\components\dashboard\TrainingStatusCard.jsx
FN:3,TrainingStatusCard
FNF:1
FNH:1
FNDA:3,TrainingStatusCard
DA:1,1
DA:3,1
DA:4,3
DA:5,3
DA:6,3
DA:7,3
DA:8,3
DA:9,3
DA:10,3
DA:11,3
DA:12,3
DA:13,3
DA:15,3
DA:16,3
DA:17,3
DA:18,3
DA:19,3
DA:20,3
DA:21,3
DA:22,3
DA:23,3
DA:24,3
DA:26,3
DA:29,3
DA:30,3
DA:31,3
DA:32,3
DA:33,3
DA:34,3
DA:35,3
DA:36,3
DA:37,3
DA:38,3
DA:39,3
DA:40,3
DA:41,3
DA:42,3
DA:43,3
DA:44,3
DA:45,3
DA:46,3
DA:47,3
DA:48,3
DA:49,3
DA:50,3
DA:51,3
DA:52,3
DA:53,3
DA:54,3
DA:55,3
DA:57,3
DA:58,3
DA:59,3
DA:60,3
DA:61,3
DA:62,3
DA:63,3
DA:64,3
DA:65,3
DA:66,3
DA:67,3
DA:68,3
DA:69,3
DA:70,3
DA:71,3
DA:72,3
DA:73,3
DA:74,3
DA:75,3
DA:76,3
DA:77,3
DA:79,3
DA:80,3
DA:81,3
DA:82,3
DA:83,3
DA:84,3
DA:85,3
DA:86,3
DA:87,3
DA:88,3
DA:89,3
DA:90,3
DA:91,3
DA:92,3
DA:93,3
DA:94,3
DA:95,3
DA:96,3
DA:97,3
DA:98,3
DA:99,3
DA:101,3
DA:102,3
DA:103,3
DA:104,3
DA:105,3
DA:106,3
DA:107,3
DA:108,3
DA:109,3
DA:110,3
DA:111,3
DA:112,3
DA:113,3
DA:114,3
DA:115,3
DA:116,3
DA:117,3
DA:118,3
DA:119,3
DA:120,3
DA:121,3
DA:122,3
DA:125,3
DA:126,3
DA:127,3
DA:128,3
DA:129,3
DA:130,3
DA:131,3
DA:132,3
DA:133,3
DA:134,3
DA:135,3
DA:136,3
DA:137,3
DA:138,3
DA:139,3
DA:140,3
DA:141,3
DA:142,3
DA:143,3
DA:144,3
DA:145,3
DA:146,3
DA:147,3
DA:148,3
DA:149,3
DA:150,3
DA:151,3
DA:153,3
DA:154,3
DA:155,3
DA:156,3
DA:157,3
DA:158,3
DA:159,3
DA:160,3
DA:161,3
DA:162,3
DA:163,3
DA:164,3
DA:165,3
DA:166,3
DA:167,3
DA:168,3
DA:169,3
DA:170,3
DA:171,3
DA:172,3
DA:173,3
DA:176,3
DA:177,3
DA:178,3
DA:179,3
DA:180,3
DA:181,3
DA:182,3
DA:183,3
DA:184,3
DA:185,3
DA:186,3
DA:187,3
DA:188,3
DA:190,3
DA:191,3
DA:193,3
DA:195,1
LF:179
LH:179
BRDA:3,0,0,3
BRF:1
BRH:1
end_of_record
TN:
SF:src\components\dashboard\VolumeTonnageCard.jsx
FN:4,VolumeTonnageCard
FNF:1
FNH:1
FNDA:1,VolumeTonnageCard
DA:1,1
DA:2,1
DA:4,1
DA:5,1
DA:8,1
DA:9,1
DA:10,1
DA:11,1
DA:12,1
DA:13,1
DA:14,1
DA:15,1
DA:16,1
DA:17,1
DA:18,1
DA:19,1
DA:20,1
DA:21,1
DA:22,1
DA:23,1
DA:24,1
DA:25,1
DA:26,1
DA:27,1
DA:28,1
DA:29,1
DA:31,1
DA:33,1
DA:34,1
DA:35,1
DA:36,1
DA:37,1
DA:38,1
DA:39,4
DA:40,4
DA:41,4
DA:42,4
DA:44,4
DA:45,4
DA:46,1
DA:47,1
DA:48,1
DA:49,4
DA:50,4
DA:51,4
DA:52,4
DA:53,4
DA:54,4
DA:55,4
DA:56,4
DA:57,4
DA:58,4
DA:59,4
DA:60,4
DA:61,4
DA:62,8
DA:63,8
DA:64,8
DA:65,8
DA:66,8
DA:67,8
DA:68,4
DA:69,4
DA:70,4
DA:71,4
DA:72,4
DA:73,1
DA:74,1
DA:75,1
DA:77,1
LF:70
LH:70
BRDA:4,0,0,1
BRDA:31,1,0,0
BRDA:38,2,0,4
BRDA:48,3,0,4
BRDA:61,4,0,0
BRDA:61,5,0,8
BRF:6
BRH:4
end_of_record
TN:
SF:src\components\ui\AIInsightBar.jsx
FN:1,AIInsightBar
FNF:1
FNH:1
FNDA:1,AIInsightBar
DA:1,1
DA:2,1
DA:3,1
DA:4,1
DA:5,1
DA:6,1
DA:7,1
DA:9,1
LF:8
LH:8
BRDA:1,0,0,1
BRDA:2,1,0,0
BRF:2
BRH:1
end_of_record
TN:
SF:src\components\ui\Card.jsx
FN:3,Card
FNF:1
FNH:1
FNDA:2,Card
DA:1,1
DA:3,1
DA:4,2
DA:5,2
DA:6,2
DA:9,1
LF:6
LH:6
BRDA:3,0,0,2
BRF:1
BRH:1
end_of_record
TN:
SF:src\components\ui\DashboardCard.jsx
FN:1,DashboardCard
FNF:1
FNH:1
FNDA:4,DashboardCard
DA:1,4
DA:2,4
DA:3,4
DA:4,4
DA:5,4
DA:6,4
DA:7,4
DA:9,4
DA:10,4
DA:11,4
DA:12,4
DA:14,4
LF:12
LH:12
BRDA:1,0,0,4
BRF:1
BRH:1
end_of_record
TN:
SF:src\components\ui\HeroHeader.jsx
FN:1,HeroHeader
FNF:1
FNH:1
FNDA:1,HeroHeader
DA:1,1
DA:2,1
DA:3,1
DA:4,1
DA:5,1
DA:6,1
DA:7,1
DA:8,1
DA:9,1
DA:10,1
DA:11,1
DA:12,1
DA:13,1
DA:14,1
DA:16,1
LF:15
LH:15
BRDA:1,0,0,1
BRF:1
BRH:1
end_of_record
TN:
SF:src\components\ui\avatar.jsx
FN:3,Avatar
FNF:1
FNH:1
FNDA:11,Avatar
DA:1,1
DA:3,1
DA:4,11
DA:5,11
DA:6,11
DA:7,11
DA:9,11
DA:10,11
DA:12,11
LF:9
LH:9
BRDA:3,0,0,11
BRF:1
BRH:1
end_of_record
TN:
SF:src\hooks\useActiveSession.js
FN:2,useActiveSession
FN:5,addSet
FN:6,finishSession
FNF:3
FNH:2
FNDA:3,useActiveSession
FNDA:1,addSet
FNDA:0,finishSession
DA:1,1
DA:2,1
DA:3,3
DA:4,3
DA:5,3
DA:6,3
DA:7,3
DA:8,3
LF:8
LH:8
BRDA:2,0,0,3
BRDA:5,1,0,1
BRF:2
BRH:2
end_of_record
TN:
SF:src\hooks\useLogSet.js
FN:10,useLogSet
FNF:1
FNH:1
FNDA:13,useLogSet
DA:1,1
DA:2,1
DA:3,1
DA:4,1
DA:5,1
DA:6,1
DA:7,1
DA:8,1
DA:9,1
DA:10,1
DA:11,13
DA:12,13
DA:13,13
DA:14,13
DA:15,13
DA:16,6
DA:17,6
DA:18,6
DA:19,5
DA:20,5
DA:21,5
DA:22,5
DA:23,5
DA:24,6
DA:25,3
DA:26,3
DA:27,3
DA:28,3
DA:29,3
DA:30,3
DA:31,2
DA:32,2
DA:33,2
DA:34,3
DA:35,3
DA:36,5
DA:37,5
DA:38,1
DA:39,1
DA:40,6
DA:41,6
DA:42,6
DA:43,13
DA:44,13
DA:45,13
DA:46,13
LF:46
LH:46
BRDA:10,0,0,13
BRDA:15,1,0,6
BRDA:19,2,0,5
BRDA:24,3,0,4
BRDA:24,4,0,4
BRDA:24,5,0,3
BRDA:29,6,0,0
BRDA:30,7,0,2
BRDA:35,8,0,5
BRDA:37,9,0,1
BRDA:40,10,0,0
BRF:11
BRH:9
end_of_record
TN:
SF:src\hooks\useQuickActions.js
FN:2,useQuickActions
FN:6,startToday
FN:8,openLogger
FN:10,viewProgram
FNF:4
FNH:1
FNDA:5,useQuickActions
FNDA:0,startToday
FNDA:0,openLogger
FNDA:0,viewProgram
DA:1,1
DA:2,1
DA:3,5
DA:4,5
DA:5,5
DA:6,5
DA:7,5
DA:8,5
DA:9,5
DA:10,5
DA:11,5
DA:12,5
DA:13,5
DA:14,5
DA:15,5
DA:16,5
DA:17,5
DA:18,5
DA:19,5
LF:19
LH:19
BRDA:2,0,0,5
BRF:1
BRH:1
end_of_record
TN:
SF:src\hooks\useRecentWorkouts.js
FN:10,transform
FN:23,useRecentWorkouts
FN:26,queryFn
FNF:3
FNH:3
FNDA:1,transform
FNDA:16,useRecentWorkouts
FNDA:8,queryFn
DA:1,1
DA:2,1
DA:3,1
DA:4,1
DA:5,1
DA:6,1
DA:7,1
DA:8,1
DA:9,1
DA:10,1
DA:11,1
DA:12,1
DA:13,1
DA:14,1
DA:15,1
DA:16,1
DA:17,1
DA:18,1
DA:19,1
DA:20,1
DA:21,1
DA:22,1
DA:23,1
DA:24,16
DA:25,16
DA:26,16
DA:27,8
DA:28,8
DA:29,5
DA:30,5
DA:31,3
DA:32,3
DA:33,3
DA:34,3
DA:35,3
DA:36,3
DA:37,3
DA:38,3
DA:39,3
DA:40,8
DA:41,8
DA:42,4
DA:43,2
DA:44,4
DA:45,1
DA:46,1
DA:47,1
DA:48,16
DA:49,16
DA:50,16
DA:51,1
DA:52,1
LF:52
LH:52
BRDA:10,0,0,1
BRDA:23,1,0,16
BRDA:26,2,0,8
BRDA:28,3,0,5
BRDA:30,4,0,4
BRDA:30,5,0,3
BRDA:40,6,0,0
BRDA:41,7,0,4
BRDA:41,8,0,1
BRDA:42,9,0,2
BRDA:42,10,0,0
BRDA:43,11,0,2
BRDA:44,12,0,1
BRF:13
BRH:11
end_of_record
TN:
SF:src\hooks\useWeekStatus.js
FN:4,useWeekStatus
FN:7,queryFn
FNF:2
FNH:2
FNDA:12,useWeekStatus
FNDA:6,queryFn
DA:1,1
DA:2,1
DA:3,1
DA:4,1
DA:5,12
DA:6,12
DA:7,12
DA:8,6
DA:9,6
DA:10,6
DA:11,5
DA:12,5
DA:13,1
DA:14,1
DA:15,1
DA:16,1
DA:17,6
DA:18,6
DA:19,6
DA:20,6
DA:21,6
DA:22,6
DA:23,6
DA:24,6
DA:25,6
DA:26,6
DA:27,6
DA:28,6
DA:29,6
DA:30,6
DA:31,6
DA:32,6
DA:33,1
DA:34,2
DA:35,0
DA:36,0
DA:37,1
DA:38,1
DA:39,1
DA:40,1
DA:41,1
DA:42,1
DA:43,6
DA:44,1
DA:45,6
DA:46,6
DA:47,6
DA:48,6
DA:49,6
DA:50,6
DA:51,6
DA:52,7
DA:53,7
DA:54,7
DA:55,7
DA:56,7
DA:57,7
DA:58,7
DA:59,7
DA:60,1
DA:61,1
DA:62,1
DA:63,1
DA:64,0
DA:65,0
DA:66,0
DA:67,0
DA:68,1
DA:69,1
DA:70,7
DA:71,7
DA:72,7
DA:73,7
DA:74,7
DA:75,7
DA:76,7
DA:77,7
DA:78,1
DA:79,1
DA:80,1
DA:81,1
DA:82,6
DA:83,6
DA:84,6
DA:85,5
DA:86,5
DA:87,5
DA:88,5
DA:89,5
DA:90,5
DA:91,5
DA:92,5
DA:93,5
DA:94,5
DA:95,5
DA:96,5
DA:97,5
DA:98,5
DA:99,5
DA:100,5
DA:101,12
DA:102,12
DA:103,12
DA:104,12
DA:105,12
DA:106,1
DA:107,1
LF:107
LH:101
BRDA:4,0,0,12
BRDA:7,1,0,6
BRDA:10,2,0,5
BRDA:12,3,0,1
BRDA:17,4,0,0
BRDA:17,5,0,1
BRDA:33,6,0,2
BRDA:33,7,0,1
BRDA:34,8,0,0
BRDA:36,9,0,1
BRDA:51,10,0,2
BRDA:51,11,0,7
BRDA:59,12,0,1
BRDA:63,13,0,0
BRDA:68,14,0,0
BRDA:68,15,0,0
BRDA:77,16,0,1
BRDA:82,17,0,0
BRDA:84,18,0,5
BRDA:43,19,0,1
BRDA:82,20,0,1
BRDA:82,21,0,0
BRF:22
BRH:15
end_of_record
TN:
SF:src\hooks\useWeeklyVolume.js
FN:5,useWeeklyVolume
FN:10,handleVolumeUpdate
FN:23,queryFn
FNF:3
FNH:3
FNDA:7,useWeeklyVolume
FNDA:3,handleVolumeUpdate
FNDA:6,queryFn
DA:1,1
DA:2,1
DA:3,1
DA:4,1
DA:5,1
DA:6,7
DA:7,7
DA:8,7
DA:9,7
DA:10,3
DA:11,3
DA:12,3
DA:13,3
DA:14,3
DA:15,3
DA:16,3
DA:17,0
DA:18,0
DA:19,7
DA:20,7
DA:21,7
DA:22,7
DA:23,7
DA:24,6
DA:25,6
DA:26,6
DA:27,1
DA:28,1
DA:29,5
DA:30,5
DA:31,5
DA:32,5
DA:33,5
DA:34,5
DA:35,5
DA:36,5
DA:37,5
DA:38,5
DA:39,5
DA:40,5
DA:41,5
DA:42,5
DA:43,5
DA:44,6
DA:45,0
DA:46,0
DA:47,5
DA:48,5
DA:49,5
DA:50,5
DA:51,5
DA:52,6
DA:53,10
DA:54,10
DA:55,10
DA:56,10
DA:57,5
DA:58,5
DA:59,10
DA:60,10
DA:61,10
DA:62,10
DA:63,10
DA:64,10
DA:65,6
DA:66,6
DA:67,6
DA:68,6
DA:69,6
DA:70,20
DA:71,20
DA:72,20
DA:73,20
DA:74,20
DA:75,20
DA:76,20
DA:77,20
DA:78,20
DA:79,20
DA:80,20
DA:81,20
DA:82,20
DA:83,6
DA:84,6
DA:85,6
DA:86,20
DA:87,6
DA:88,6
DA:89,6
DA:90,6
DA:91,1
DA:92,1
DA:93,1
DA:94,1
DA:95,1
DA:96,1
DA:97,1
DA:98,1
DA:99,1
DA:100,7
DA:101,7
DA:102,7
DA:103,7
DA:104,7
DA:105,1
DA:106,1
LF:106
LH:102
BRDA:5,0,0,7
BRDA:9,1,0,3
BRDA:10,2,0,3
BRDA:23,3,0,6
BRDA:26,4,0,1
BRDA:28,5,0,5
BRDA:44,6,0,0
BRDA:46,7,0,5
BRDA:90,8,0,1
BRDA:52,9,0,10
BRDA:56,10,0,5
BRDA:69,11,0,20
BRDA:85,12,0,20
BRF:13
BRH:12
end_of_record
TN:
SF:src\lib\storage.js
FN:6,set
FN:14,get
FN:24,remove
FN:37,saveMacrocycle
FN:76,loadMacrocycle
FN:101,loadAllMacrocycles
FN:139,deleteMacrocycle
FNF:7
FNH:7
FNDA:1,set
FNDA:2,get
FNDA:1,remove
FNDA:6,saveMacrocycle
FNDA:4,loadMacrocycle
FNDA:2,loadAllMacrocycles
FNDA:2,deleteMacrocycle
DA:1,1
DA:2,1
DA:3,1
DA:4,1
DA:5,1
DA:6,1
DA:7,1
DA:8,1
DA:9,1
DA:10,0
DA:11,0
DA:12,1
DA:13,1
DA:14,1
DA:15,2
DA:16,2
DA:17,2
DA:18,2
DA:19,0
DA:20,0
DA:21,0
DA:22,2
DA:23,1
DA:24,1
DA:25,1
DA:26,1
DA:27,1
DA:28,0
DA:29,0
DA:30,1
DA:31,1
DA:32,1
DA:33,1
DA:34,1
DA:35,1
DA:36,1
DA:37,1
DA:38,6
DA:39,6
DA:40,6
DA:41,6
DA:42,6
DA:43,6
DA:44,6
DA:45,6
DA:46,6
DA:47,6
DA:48,0
DA:49,0
DA:50,0
DA:51,0
DA:52,0
DA:53,0
DA:54,0
DA:55,0
DA:56,6
DA:57,6
DA:58,6
DA:59,6
DA:60,6
DA:61,6
DA:62,0
DA:63,0
DA:64,0
DA:65,0
DA:66,0
DA:67,6
DA:68,6
DA:69,6
DA:70,1
DA:71,1
DA:72,1
DA:73,1
DA:74,1
DA:75,1
DA:76,1
DA:77,4
DA:78,4
DA:79,0
DA:80,0
DA:81,0
DA:82,0
DA:83,0
DA:84,0
DA:85,0
DA:86,0
DA:87,0
DA:88,4
DA:89,0
DA:90,0
DA:91,4
DA:92,4
DA:93,4
DA:94,4
DA:95,4
DA:96,1
DA:97,1
DA:98,1
DA:99,1
DA:100,1
DA:101,1
DA:102,2
DA:103,2
DA:104,0
DA:105,0
DA:106,0
DA:107,0
DA:108,0
DA:109,0
DA:110,0
DA:111,0
DA:112,2
DA:113,0
DA:114,0
DA:115,2
DA:116,2
DA:117,2
DA:118,2
DA:119,6
DA:120,6
DA:121,5
DA:122,5
DA:123,5
DA:124,5
DA:125,0
DA:126,0
DA:127,5
DA:128,6
DA:129,2
DA:130,2
DA:131,2
DA:132,2
DA:133,1
DA:134,1
DA:135,1
DA:136,1
DA:137,1
DA:138,1
DA:139,1
DA:140,2
DA:141,2
DA:142,0
DA:143,0
DA:144,0
DA:145,0
DA:146,0
DA:147,0
DA:148,0
DA:149,2
DA:150,2
DA:151,2
DA:152,2
DA:153,2
DA:154,0
DA:155,0
DA:156,0
DA:157,2
LF:157
LH:104
BRDA:3,0,0,0
BRDA:6,1,0,1
BRDA:9,2,0,0
BRDA:14,3,0,2
BRDA:17,4,0,1
BRDA:17,5,0,1
BRDA:18,6,0,0
BRDA:24,7,0,1
BRDA:27,8,0,0
BRDA:37,9,0,6
BRDA:38,10,0,5
BRDA:47,11,0,0
BRDA:61,12,0,0
BRDA:76,13,0,4
BRDA:78,14,0,0
BRDA:88,15,0,0
BRDA:94,16,0,2
BRDA:94,17,0,2
BRDA:101,18,0,2
BRDA:103,19,0,0
BRDA:112,20,0,0
BRDA:118,21,0,6
BRDA:120,22,0,5
BRDA:124,23,0,0
BRDA:131,24,0,3
BRDA:131,25,0,0
BRDA:131,26,0,0
BRDA:139,27,0,2
BRDA:141,28,0,0
BRDA:153,29,0,0
BRF:30
BRH:15
end_of_record
TN:
SF:src\lib\state\trainingState.js
FN:16,useDashboardState.name
FN:18,refreshDashboard
FNF:2
FNH:1
FNDA:1,useDashboardState.name
FNDA:0,refreshDashboard
DA:1,1
DA:2,1
DA:3,1
DA:4,1
DA:5,1
DA:6,1
DA:7,1
DA:8,1
DA:9,1
DA:10,1
DA:11,1
DA:12,1
DA:13,1
DA:14,1
DA:15,1
DA:16,1
DA:17,1
DA:18,1
DA:19,0
DA:20,0
DA:21,1
DA:22,1
DA:23,1
DA:24,1
DA:25,1
DA:26,1
DA:27,1
LF:27
LH:25
BRDA:16,0,0,1
BRF:1
BRH:1
end_of_record
TN:
SF:src\pages\Dashboard.jsx
FN:7,UpcomingSessionsPreview
FN:8,FatigueRecoveryIndicator
FN:11,Dashboard
FNF:3
FNH:3
FNDA:4,UpcomingSessionsPreview
FNDA:4,FatigueRecoveryIndicator
FNDA:4,Dashboard
DA:1,1
DA:2,1
DA:3,1
DA:4,1
DA:5,1
DA:7,1
DA:8,1
DA:9,1
DA:11,4
DA:12,4
DA:13,4
DA:14,4
DA:15,4
DA:16,4
DA:17,4
DA:18,4
DA:20,4
DA:21,4
DA:22,4
DA:23,4
DA:24,4
DA:25,4
DA:26,4
DA:27,4
DA:28,4
DA:29,4
DA:30,4
DA:31,4
DA:32,4
DA:34,4
LF:30
LH:30
BRDA:7,0,0,4
BRDA:8,1,0,4
BRDA:11,2,0,4
BRF:3
BRH:3
end_of_record
TN:
SF:src\pages\Home.jsx
FN:10,Home
FNF:1
FNH:1
FNDA:1,Home
DA:1,1
DA:2,1
DA:3,1
DA:4,1
DA:5,1
DA:6,1
DA:7,1
DA:8,1
DA:10,1
DA:12,1
DA:13,1
DA:14,1
DA:15,1
DA:16,1
DA:17,1
DA:18,1
DA:19,1
DA:20,1
DA:21,1
DA:22,1
DA:23,1
DA:24,1
DA:25,1
DA:26,1
DA:27,1
DA:28,1
DA:29,1
DA:30,1
DA:31,1
DA:32,1
DA:33,1
DA:34,1
DA:35,1
DA:36,1
DA:39,1
DA:40,1
DA:41,1
DA:42,1
DA:43,1
DA:44,1
DA:45,1
DA:46,1
DA:47,1
DA:48,1
DA:49,1
DA:50,1
DA:51,1
DA:52,1
DA:53,1
DA:54,1
DA:55,1
DA:56,1
DA:58,1
DA:60,1
DA:61,1
DA:62,1
DA:63,1
DA:64,1
DA:67,1
DA:68,1
DA:69,1
DA:72,1
DA:75,1
DA:78,1
DA:79,1
DA:80,1
DA:83,1
DA:84,1
DA:87,1
DA:88,1
DA:89,1
DA:90,1
DA:91,1
DA:92,1
DA:93,1
DA:94,1
DA:95,1
DA:96,1
DA:97,1
DA:98,1
DA:99,1
DA:100,1
DA:101,1
DA:102,1
DA:103,1
DA:104,1
DA:105,1
DA:108,1
DA:109,1
DA:111,1
LF:90
LH:90
BRDA:10,0,0,1
BRF:1
BRH:1
end_of_record
