TN:
SF:src\components\dashboard\TrainingSplitOverview.jsx
FN:1,TrainingSplitOverview
FNF:1
FNH:1
FNDA:1,TrainingSplitOverview
DA:1,1
DA:2,1
DA:3,1
DA:4,1
DA:5,1
DA:6,1
DA:7,1
DA:8,4
DA:9,4
DA:10,4
DA:12,4
DA:13,1
DA:14,3
DA:15,4
DA:17,4
DA:18,1
DA:19,1
DA:20,4
DA:22,4
DA:23,4
DA:24,1
DA:25,1
DA:26,1
DA:28,1
LF:24
LH:24
BRDA:1,0,0,1
BRDA:2,1,0,0
BRDA:7,2,0,4
BRDA:12,3,0,1
BRDA:13,4,0,3
BRDA:17,5,0,1
BRDA:20,6,0,3
BRF:7
BRH:6
end_of_record
TN:
SF:src\components\dashboard\TrainingStatus.jsx
FN:4,TrainingStatus
FNF:1
FNH:1
FNDA:2,TrainingStatus
DA:1,1
DA:2,1
DA:4,1
DA:6,2
DA:7,2
DA:8,2
DA:9,2
DA:10,2
DA:11,2
DA:12,2
DA:13,2
DA:15,2
DA:17,2
DA:18,2
DA:19,2
DA:20,2
DA:21,2
DA:22,2
DA:23,2
DA:24,2
DA:25,2
DA:26,2
DA:27,2
DA:28,2
DA:29,2
DA:30,2
DA:31,2
DA:32,2
DA:33,2
DA:34,2
DA:35,2
DA:36,2
DA:37,2
DA:38,2
DA:39,2
DA:40,2
DA:41,2
DA:42,2
DA:43,2
DA:44,2
DA:45,2
DA:46,2
DA:47,2
DA:48,2
DA:49,2
DA:50,2
DA:51,2
DA:53,2
DA:54,2
DA:55,12
DA:56,12
DA:57,12
DA:58,12
DA:59,2
DA:60,2
DA:61,2
DA:63,2
DA:65,1
LF:58
LH:58
BRDA:4,0,0,2
BRDA:54,1,0,12
BRF:2
BRH:2
end_of_record
TN:
SF:src\components\dashboard\TrainingStatusCard.jsx
FN:3,TrainingStatusCard
FNF:1
FNH:1
FNDA:3,TrainingStatusCard
DA:1,1
DA:3,1
DA:4,3
DA:5,3
DA:6,3
DA:7,3
DA:8,3
DA:9,3
DA:10,3
DA:11,3
DA:12,3
DA:13,3
DA:15,3
DA:16,3
DA:17,3
DA:18,3
DA:19,3
DA:20,3
DA:21,3
DA:22,3
DA:23,3
DA:24,3
DA:26,3
DA:29,3
DA:30,3
DA:31,3
DA:32,3
DA:33,3
DA:34,3
DA:35,3
DA:36,3
DA:37,3
DA:38,3
DA:39,3
DA:40,3
DA:41,3
DA:42,3
DA:43,3
DA:44,3
DA:45,3
DA:46,3
DA:47,3
DA:48,3
DA:49,3
DA:50,3
DA:51,3
DA:52,3
DA:53,3
DA:54,3
DA:55,3
DA:57,3
DA:58,3
DA:59,3
DA:60,3
DA:61,3
DA:62,3
DA:63,3
DA:64,3
DA:65,3
DA:66,3
DA:67,3
DA:68,3
DA:69,3
DA:70,3
DA:71,3
DA:72,3
DA:73,3
DA:74,3
DA:75,3
DA:76,3
DA:77,3
DA:79,3
DA:80,3
DA:81,3
DA:82,3
DA:83,3
DA:84,3
DA:85,3
DA:86,3
DA:87,3
DA:88,3
DA:89,3
DA:90,3
DA:91,3
DA:92,3
DA:93,3
DA:94,3
DA:95,3
DA:96,3
DA:97,3
DA:98,3
DA:99,3
DA:101,3
DA:102,3
DA:103,3
DA:104,3
DA:105,3
DA:106,3
DA:107,3
DA:108,3
DA:109,3
DA:110,3
DA:111,3
DA:112,3
DA:113,3
DA:114,3
DA:115,3
DA:116,3
DA:117,3
DA:118,3
DA:119,3
DA:120,3
DA:121,3
DA:122,3
DA:125,3
DA:126,3
DA:127,3
DA:128,3
DA:129,3
DA:130,3
DA:131,3
DA:132,3
DA:133,3
DA:134,3
DA:135,3
DA:136,3
DA:137,3
DA:138,3
DA:139,3
DA:140,3
DA:141,3
DA:142,3
DA:143,3
DA:144,3
DA:145,3
DA:146,3
DA:147,3
DA:148,3
DA:149,3
DA:150,3
DA:151,3
DA:153,3
DA:154,3
DA:155,3
DA:156,3
DA:157,3
DA:158,3
DA:159,3
DA:160,3
DA:161,3
DA:162,3
DA:163,3
DA:164,3
DA:165,3
DA:166,3
DA:167,3
DA:168,3
DA:169,3
DA:170,3
DA:171,3
DA:172,3
DA:173,3
DA:176,3
DA:177,3
DA:178,3
DA:179,3
DA:180,3
DA:181,3
DA:182,3
DA:183,3
DA:184,3
DA:185,3
DA:186,3
DA:187,3
DA:188,3
DA:190,3
DA:191,3
DA:193,3
DA:195,1
LF:179
LH:179
BRDA:3,0,0,3
BRF:1
BRH:1
end_of_record
TN:
SF:src\components\dashboard\VolumeTonnageCard.jsx
FN:4,VolumeTonnageCard
FNF:1
FNH:1
FNDA:1,VolumeTonnageCard
DA:1,1
DA:2,1
DA:4,1
DA:5,1
DA:8,1
DA:9,1
DA:10,1
DA:11,1
DA:12,1
DA:13,1
DA:14,1
DA:15,1
DA:16,1
DA:17,1
DA:18,1
DA:19,1
DA:20,1
DA:21,1
DA:22,1
DA:23,1
DA:24,1
DA:25,1
DA:26,1
DA:27,1
DA:28,1
DA:29,1
DA:31,1
DA:33,1
DA:34,1
DA:35,1
DA:36,1
DA:37,1
DA:38,1
DA:39,4
DA:40,4
DA:41,4
DA:42,4
DA:44,4
DA:45,4
DA:46,1
DA:47,1
DA:48,1
DA:49,4
DA:50,4
DA:51,4
DA:52,4
DA:53,4
DA:54,4
DA:55,4
DA:56,4
DA:57,4
DA:58,4
DA:59,4
DA:60,4
DA:61,4
DA:62,8
DA:63,8
DA:64,8
DA:65,8
DA:66,8
DA:67,8
DA:68,4
DA:69,4
DA:70,4
DA:71,4
DA:72,4
DA:73,1
DA:74,1
DA:75,1
DA:77,1
LF:70
LH:70
BRDA:4,0,0,1
BRDA:31,1,0,0
BRDA:38,2,0,4
BRDA:48,3,0,4
BRDA:61,4,0,0
BRDA:61,5,0,8
BRF:6
BRH:4
end_of_record
TN:
SF:src\components\ui\AIInsightBar.jsx
FN:1,AIInsightBar
FNF:1
FNH:1
FNDA:1,AIInsightBar
DA:1,1
DA:2,1
DA:3,1
DA:4,1
DA:5,1
DA:6,1
DA:7,1
DA:9,1
LF:8
LH:8
BRDA:1,0,0,1
BRDA:2,1,0,0
BRF:2
BRH:1
end_of_record
TN:
SF:src\components\ui\Card.jsx
FN:3,Card
FNF:1
FNH:1
FNDA:2,Card
DA:1,1
DA:3,1
DA:4,2
DA:5,2
DA:6,2
DA:9,1
LF:6
LH:6
BRDA:3,0,0,2
BRF:1
BRH:1
end_of_record
TN:
SF:src\components\ui\DashboardCard.jsx
FN:1,DashboardCard
FNF:1
FNH:1
FNDA:4,DashboardCard
DA:1,4
DA:2,4
DA:3,4
DA:4,4
DA:5,4
DA:6,4
DA:7,4
DA:9,4
DA:10,4
DA:11,4
DA:12,4
DA:14,4
LF:12
LH:12
BRDA:1,0,0,4
BRF:1
BRH:1
end_of_record
TN:
SF:src\components\ui\HeroHeader.jsx
FN:1,HeroHeader
FNF:1
FNH:1
FNDA:1,HeroHeader
DA:1,1
DA:2,1
DA:3,1
DA:4,1
DA:5,1
DA:6,1
DA:7,1
DA:8,1
DA:9,1
DA:10,1
DA:11,1
DA:12,1
DA:13,1
DA:14,1
DA:16,1
LF:15
LH:15
BRDA:1,0,0,1
BRF:1
BRH:1
end_of_record
TN:
SF:src\components\ui\avatar.jsx
FN:3,Avatar
FNF:1
FNH:1
FNDA:5,Avatar
DA:1,1
DA:3,1
DA:4,5
DA:5,5
DA:6,5
DA:7,5
DA:9,5
DA:10,5
DA:12,5
LF:9
LH:9
BRDA:3,0,0,5
BRF:1
BRH:1
end_of_record
TN:
SF:src\hooks\useActiveSession.js
FN:2,useActiveSession
FN:5,addSet
FN:6,finishSession
FNF:3
FNH:2
FNDA:3,useActiveSession
FNDA:1,addSet
FNDA:0,finishSession
DA:1,1
DA:2,1
DA:3,3
DA:4,3
DA:5,3
DA:6,3
DA:7,3
DA:8,3
LF:8
LH:8
BRDA:2,0,0,3
BRDA:5,1,0,1
BRF:2
BRH:2
end_of_record
TN:
SF:src\hooks\useLogSet.js
FN:10,useLogSet
FNF:1
FNH:1
FNDA:13,useLogSet
DA:1,1
DA:2,1
DA:3,1
DA:4,1
DA:5,1
DA:6,1
DA:7,1
DA:8,1
DA:9,1
DA:10,1
DA:11,13
DA:12,13
DA:13,13
DA:14,13
DA:15,13
DA:16,6
DA:17,6
DA:18,6
DA:19,5
DA:20,5
DA:21,5
DA:22,5
DA:23,5
DA:24,6
DA:25,3
DA:26,3
DA:27,3
DA:28,3
DA:29,3
DA:30,3
DA:31,2
DA:32,2
DA:33,2
DA:34,3
DA:35,3
DA:36,5
DA:37,5
DA:38,1
DA:39,1
DA:40,6
DA:41,6
DA:42,6
DA:43,13
DA:44,13
DA:45,13
DA:46,13
LF:46
LH:46
BRDA:10,0,0,13
BRDA:15,1,0,6
BRDA:19,2,0,5
BRDA:24,3,0,4
BRDA:24,4,0,4
BRDA:24,5,0,3
BRDA:29,6,0,0
BRDA:30,7,0,2
BRDA:35,8,0,5
BRDA:37,9,0,1
BRDA:40,10,0,0
BRF:11
BRH:9
end_of_record
TN:
SF:src\hooks\useWeeklyVolume.js
FN:5,useWeeklyVolume
FN:10,handleVolumeUpdate
FN:23,queryFn
FNF:3
FNH:3
FNDA:7,useWeeklyVolume
FNDA:3,handleVolumeUpdate
FNDA:6,queryFn
DA:1,1
DA:2,1
DA:3,1
DA:4,1
DA:5,1
DA:6,7
DA:7,7
DA:8,7
DA:9,7
DA:10,3
DA:11,3
DA:12,3
DA:13,3
DA:14,3
DA:15,3
DA:16,3
DA:17,0
DA:18,0
DA:19,7
DA:20,7
DA:21,7
DA:22,7
DA:23,7
DA:24,6
DA:25,6
DA:26,6
DA:27,1
DA:28,1
DA:29,5
DA:30,5
DA:31,5
DA:32,5
DA:33,5
DA:34,5
DA:35,5
DA:36,5
DA:37,5
DA:38,5
DA:39,5
DA:40,5
DA:41,5
DA:42,5
DA:43,5
DA:44,6
DA:45,0
DA:46,0
DA:47,5
DA:48,5
DA:49,5
DA:50,5
DA:51,5
DA:52,6
DA:53,10
DA:54,10
DA:55,10
DA:56,10
DA:57,5
DA:58,5
DA:59,10
DA:60,10
DA:61,10
DA:62,10
DA:63,10
DA:64,10
DA:65,6
DA:66,6
DA:67,6
DA:68,6
DA:69,6
DA:70,20
DA:71,20
DA:72,20
DA:73,20
DA:74,20
DA:75,20
DA:76,20
DA:77,20
DA:78,20
DA:79,20
DA:80,20
DA:81,20
DA:82,20
DA:83,6
DA:84,6
DA:85,6
DA:86,20
DA:87,6
DA:88,6
DA:89,6
DA:90,6
DA:91,1
DA:92,1
DA:93,1
DA:94,1
DA:95,1
DA:96,1
DA:97,1
DA:98,1
DA:99,1
DA:100,7
DA:101,7
DA:102,7
DA:103,7
DA:104,7
DA:105,1
DA:106,1
LF:106
LH:102
BRDA:5,0,0,7
BRDA:9,1,0,3
BRDA:10,2,0,3
BRDA:23,3,0,6
BRDA:26,4,0,1
BRDA:28,5,0,5
BRDA:44,6,0,0
BRDA:46,7,0,5
BRDA:90,8,0,1
BRDA:52,9,0,10
BRDA:56,10,0,5
BRDA:69,11,0,20
BRDA:85,12,0,20
BRF:13
BRH:12
end_of_record
TN:
SF:src\lib\storage.js
FN:6,set
FN:14,get
FN:24,remove
FN:37,saveMacrocycle
FN:76,loadMacrocycle
FN:101,loadAllMacrocycles
FN:139,deleteMacrocycle
FNF:7
FNH:7
FNDA:1,set
FNDA:2,get
FNDA:1,remove
FNDA:6,saveMacrocycle
FNDA:4,loadMacrocycle
FNDA:2,loadAllMacrocycles
FNDA:2,deleteMacrocycle
DA:1,1
DA:2,1
DA:3,1
DA:4,1
DA:5,1
DA:6,1
DA:7,1
DA:8,1
DA:9,1
DA:10,0
DA:11,0
DA:12,1
DA:13,1
DA:14,1
DA:15,2
DA:16,2
DA:17,2
DA:18,2
DA:19,0
DA:20,0
DA:21,0
DA:22,2
DA:23,1
DA:24,1
DA:25,1
DA:26,1
DA:27,1
DA:28,0
DA:29,0
DA:30,1
DA:31,1
DA:32,1
DA:33,1
DA:34,1
DA:35,1
DA:36,1
DA:37,1
DA:38,6
DA:39,6
DA:40,6
DA:41,6
DA:42,6
DA:43,6
DA:44,6
DA:45,6
DA:46,6
DA:47,6
DA:48,0
DA:49,0
DA:50,0
DA:51,0
DA:52,0
DA:53,0
DA:54,0
DA:55,0
DA:56,6
DA:57,6
DA:58,6
DA:59,6
DA:60,6
DA:61,6
DA:62,0
DA:63,0
DA:64,0
DA:65,0
DA:66,0
DA:67,6
DA:68,6
DA:69,6
DA:70,1
DA:71,1
DA:72,1
DA:73,1
DA:74,1
DA:75,1
DA:76,1
DA:77,4
DA:78,4
DA:79,0
DA:80,0
DA:81,0
DA:82,0
DA:83,0
DA:84,0
DA:85,0
DA:86,0
DA:87,0
DA:88,4
DA:89,0
DA:90,0
DA:91,4
DA:92,4
DA:93,4
DA:94,4
DA:95,4
DA:96,1
DA:97,1
DA:98,1
DA:99,1
DA:100,1
DA:101,1
DA:102,2
DA:103,2
DA:104,0
DA:105,0
DA:106,0
DA:107,0
DA:108,0
DA:109,0
DA:110,0
DA:111,0
DA:112,2
DA:113,0
DA:114,0
DA:115,2
DA:116,2
DA:117,2
DA:118,2
DA:119,6
DA:120,6
DA:121,5
DA:122,5
DA:123,5
DA:124,5
DA:125,0
DA:126,0
DA:127,5
DA:128,6
DA:129,2
DA:130,2
DA:131,2
DA:132,2
DA:133,1
DA:134,1
DA:135,1
DA:136,1
DA:137,1
DA:138,1
DA:139,1
DA:140,2
DA:141,2
DA:142,0
DA:143,0
DA:144,0
DA:145,0
DA:146,0
DA:147,0
DA:148,0
DA:149,2
DA:150,2
DA:151,2
DA:152,2
DA:153,2
DA:154,0
DA:155,0
DA:156,0
DA:157,2
LF:157
LH:104
BRDA:3,0,0,0
BRDA:6,1,0,1
BRDA:9,2,0,0
BRDA:14,3,0,2
BRDA:17,4,0,1
BRDA:17,5,0,1
BRDA:18,6,0,0
BRDA:24,7,0,1
BRDA:27,8,0,0
BRDA:37,9,0,6
BRDA:38,10,0,5
BRDA:47,11,0,0
BRDA:61,12,0,0
BRDA:76,13,0,4
BRDA:78,14,0,0
BRDA:88,15,0,0
BRDA:94,16,0,2
BRDA:94,17,0,2
BRDA:101,18,0,2
BRDA:103,19,0,0
BRDA:112,20,0,0
BRDA:118,21,0,6
BRDA:120,22,0,5
BRDA:124,23,0,0
BRDA:131,24,0,3
BRDA:131,25,0,0
BRDA:131,26,0,0
BRDA:139,27,0,2
BRDA:141,28,0,0
BRDA:153,29,0,0
BRF:30
BRH:15
end_of_record
TN:
SF:src\lib\state\trainingState.js
FN:16,useDashboardState.name
FN:18,refreshDashboard
FNF:2
FNH:1
FNDA:1,useDashboardState.name
FNDA:0,refreshDashboard
DA:1,1
DA:2,1
DA:3,1
DA:4,1
DA:5,1
DA:6,1
DA:7,1
DA:8,1
DA:9,1
DA:10,1
DA:11,1
DA:12,1
DA:13,1
DA:14,1
DA:15,1
DA:16,1
DA:17,1
DA:18,1
DA:19,0
DA:20,0
DA:21,1
DA:22,1
DA:23,1
DA:24,1
DA:25,1
DA:26,1
DA:27,1
LF:27
LH:25
BRDA:16,0,0,1
BRF:1
BRH:1
end_of_record
TN:
SF:src\pages\Dashboard.jsx
FN:7,UpcomingSessionsPreview
FN:8,FatigueRecoveryIndicator
FN:11,Dashboard
FNF:3
FNH:3
FNDA:4,UpcomingSessionsPreview
FNDA:4,FatigueRecoveryIndicator
FNDA:4,Dashboard
DA:1,1
DA:2,1
DA:3,1
DA:4,1
DA:5,1
DA:7,1
DA:8,1
DA:9,1
DA:11,4
DA:12,4
DA:13,4
DA:14,4
DA:15,4
DA:16,4
DA:17,4
DA:18,4
DA:20,4
DA:21,4
DA:22,4
DA:23,4
DA:24,4
DA:25,4
DA:26,4
DA:27,4
DA:28,4
DA:29,4
DA:30,4
DA:31,4
DA:32,4
DA:34,4
LF:30
LH:30
BRDA:7,0,0,4
BRDA:8,1,0,4
BRDA:11,2,0,4
BRF:3
BRH:3
end_of_record
TN:
SF:src\pages\Home.jsx
FN:10,Home
FNF:1
FNH:1
FNDA:1,Home
DA:1,1
DA:2,1
DA:3,1
DA:4,1
DA:5,1
DA:6,1
DA:7,1
DA:8,1
DA:10,1
DA:12,1
DA:13,1
DA:14,1
DA:15,1
DA:16,1
DA:17,1
DA:18,1
DA:19,1
DA:20,1
DA:21,1
DA:22,1
DA:23,1
DA:24,1
DA:25,1
DA:26,1
DA:27,1
DA:28,1
DA:29,1
DA:30,1
DA:31,1
DA:32,1
DA:33,1
DA:34,1
DA:35,1
DA:36,1
DA:39,1
DA:40,1
DA:41,1
DA:42,1
DA:43,1
DA:44,1
DA:45,1
DA:46,1
DA:47,1
DA:48,1
DA:49,1
DA:50,1
DA:51,1
DA:52,1
DA:53,1
DA:54,1
DA:55,1
DA:56,1
DA:58,1
DA:60,1
DA:61,1
DA:62,1
DA:63,1
DA:64,1
DA:67,1
DA:68,1
DA:69,1
DA:72,1
DA:75,1
DA:78,1
DA:79,1
DA:80,1
DA:83,1
DA:84,1
DA:87,1
DA:88,1
DA:89,1
DA:90,1
DA:91,1
DA:92,1
DA:93,1
DA:94,1
DA:95,1
DA:96,1
DA:97,1
DA:98,1
DA:99,1
DA:100,1
DA:101,1
DA:102,1
DA:103,1
DA:104,1
DA:105,1
DA:108,1
DA:109,1
DA:111,1
LF:90
LH:90
BRDA:10,0,0,1
BRF:1
BRH:1
end_of_record
