TN:
SF:src\App.jsx
FN:8,App
FN:11,(anonymous_1)
FN:27,(anonymous_2)
FN:33,(anonymous_3)
FN:39,(anonymous_4)
FN:45,(anonymous_5)
FNF:6
FNH:0
FNDA:0,App
FNDA:0,(anonymous_1)
FNDA:0,(anonymous_2)
FNDA:0,(anonymous_3)
FNDA:0,(anonymous_4)
FNDA:0,(anonymous_5)
DA:9,0
DA:11,0
DA:12,0
DA:14,0
DA:16,0
DA:18,0
DA:19,0
DA:23,0
DA:27,0
DA:33,0
DA:39,0
DA:45,0
LF:12
LH:0
BRDA:12,0,0,0
BRDA:12,0,1,0
BRDA:12,0,2,0
BRDA:12,0,3,0
BRDA:28,1,0,0
BRDA:28,1,1,0
BRDA:34,2,0,0
BRDA:34,2,1,0
BRDA:40,3,0,0
BRDA:40,3,1,0
BRDA:46,4,0,0
BRDA:46,4,1,0
BRF:12
BRH:0
end_of_record
TN:
SF:src\components\BarMiniChart.jsx
FN:3,BarMiniChart
FN:9,(anonymous_1)
FN:10,(anonymous_2)
FNF:3
FNH:0
FNDA:0,BarMiniChart
FNDA:0,(anonymous_1)
FNDA:0,(anonymous_2)
DA:4,0
DA:5,0
DA:9,0
DA:10,0
DA:11,0
DA:12,0
DA:14,0
DA:16,0
DA:19,0
LF:9
LH:0
BRDA:4,0,0,0
BRDA:4,0,1,0
BRDA:4,1,0,0
BRDA:4,1,1,0
BRDA:11,2,0,0
BRDA:11,2,1,0
BRF:6
BRH:0
end_of_record
TN:
SF:src\components\DeloadDrawer.jsx
FN:3,DeloadDrawer
FN:4,(anonymous_1)
FN:29,(anonymous_2)
FNF:3
FNH:0
FNDA:0,DeloadDrawer
FNDA:0,(anonymous_1)
FNDA:0,(anonymous_2)
DA:4,0
DA:7,0
DA:8,0
DA:11,0
DA:30,0
LF:5
LH:0
BRDA:3,0,0,0
BRDA:15,1,0,0
BRDA:15,1,1,0
BRF:3
BRH:0
end_of_record
TN:
SF:src\components\Drawer.jsx
FN:3,Drawer
FN:4,(anonymous_1)
FN:6,(anonymous_2)
FN:8,(anonymous_3)
FNF:4
FNH:0
FNDA:0,Drawer
FNDA:0,(anonymous_1)
FNDA:0,(anonymous_2)
FNDA:0,(anonymous_3)
DA:4,0
DA:5,0
DA:6,0
DA:7,0
DA:8,0
DA:10,0
DA:11,0
LF:7
LH:0
BRDA:5,0,0,0
BRDA:5,0,1,0
BRDA:6,1,0,0
BRDA:6,1,1,0
BRDA:10,2,0,0
BRDA:10,2,1,0
BRF:6
BRH:0
end_of_record
TN:
SF:src\context\trainingStateContext.jsx
FN:134,trainingStateReducer
FN:279,(anonymous_1)
FN:301,TrainingStateProvider
FN:305,(anonymous_3)
FN:318,(anonymous_4)
FN:323,(anonymous_5)
FN:334,(anonymous_6)
FN:339,(anonymous_7)
FN:344,(anonymous_8)
FN:349,(anonymous_9)
FN:354,(anonymous_10)
FN:359,(anonymous_11)
FN:364,(anonymous_12)
FN:369,(anonymous_13)
FN:373,(anonymous_14)
FN:378,(anonymous_15)
FN:383,(anonymous_16)
FN:388,(anonymous_17)
FN:393,(anonymous_18)
FN:398,(anonymous_19)
FN:412,useTrainingState
FNF:21
FNH:0
FNDA:0,trainingStateReducer
FNDA:0,(anonymous_1)
FNDA:0,TrainingStateProvider
FNDA:0,(anonymous_3)
FNDA:0,(anonymous_4)
FNDA:0,(anonymous_5)
FNDA:0,(anonymous_6)
FNDA:0,(anonymous_7)
FNDA:0,(anonymous_8)
FNDA:0,(anonymous_9)
FNDA:0,(anonymous_10)
FNDA:0,(anonymous_11)
FNDA:0,(anonymous_12)
FNDA:0,(anonymous_13)
FNDA:0,(anonymous_14)
FNDA:0,(anonymous_15)
FNDA:0,(anonymous_16)
FNDA:0,(anonymous_17)
FNDA:0,(anonymous_18)
FNDA:0,(anonymous_19)
FNDA:0,useTrainingState
DA:4,0
DA:86,0
DA:135,0
DA:137,0
DA:144,0
DA:150,0
DA:159,0
DA:172,0
DA:183,0
DA:195,0
DA:207,0
DA:216,0
DA:234,0
DA:244,0
DA:254,0
DA:263,0
DA:275,0
DA:279,0
DA:284,0
DA:290,0
DA:293,0
DA:298,0
DA:302,0
DA:305,0
DA:306,0
DA:307,0
DA:308,0
DA:309,0
DA:310,0
DA:312,0
DA:318,0
DA:319,0
DA:323,0
DA:324,0
DA:325,0
DA:329,0
DA:334,0
DA:339,0
DA:344,0
DA:349,0
DA:354,0
DA:359,0
DA:364,0
DA:369,0
DA:373,0
DA:378,0
DA:383,0
DA:388,0
DA:393,0
DA:398,0
DA:404,0
DA:413,0
DA:414,0
DA:415,0
DA:417,0
LF:55
LH:0
BRDA:135,0,0,0
BRDA:135,0,1,0
BRDA:135,0,2,0
BRDA:135,0,3,0
BRDA:135,0,4,0
BRDA:135,0,5,0
BRDA:135,0,6,0
BRDA:135,0,7,0
BRDA:135,0,8,0
BRDA:135,0,9,0
BRDA:135,0,10,0
BRDA:135,0,11,0
BRDA:135,0,12,0
BRDA:135,0,13,0
BRDA:135,0,14,0
BRDA:135,0,15,0
BRDA:135,0,16,0
BRDA:140,1,0,0
BRDA:140,1,1,0
BRDA:190,2,0,0
BRDA:190,2,1,0
BRDA:307,3,0,0
BRDA:307,3,1,0
BRDA:324,4,0,0
BRDA:324,4,1,0
BRDA:414,5,0,0
BRDA:414,5,1,0
BRF:27
BRH:0
end_of_record
TN:
SF:src\hooks\useExercises.js
FN:4,useExercises
FN:11,(anonymous_1)
FN:35,(anonymous_2)
FN:56,(anonymous_3)
FN:56,(anonymous_4)
FN:68,(anonymous_5)
FN:82,(anonymous_6)
FN:82,(anonymous_7)
FN:97,(anonymous_8)
FN:120,(anonymous_9)
FN:120,(anonymous_10)
FN:132,(anonymous_11)
FN:146,(anonymous_12)
FN:146,(anonymous_13)
FN:161,(anonymous_14)
FN:183,(anonymous_15)
FN:199,(anonymous_16)
FN:203,(anonymous_17)
FN:203,(anonymous_18)
FN:204,(anonymous_19)
FN:205,(anonymous_20)
FN:205,(anonymous_21)
FN:210,(anonymous_22)
FN:211,(anonymous_23)
FN:212,(anonymous_24)
FN:213,(anonymous_25)
FN:220,(anonymous_26)
FN:227,(anonymous_27)
FN:229,(anonymous_28)
FN:240,(anonymous_29)
FN:241,(anonymous_30)
FN:247,(anonymous_31)
FN:249,(anonymous_32)
FN:257,(anonymous_33)
FN:264,(anonymous_34)
FN:271,(anonymous_35)
FN:275,(anonymous_36)
FN:280,(anonymous_37)
FNF:38
FNH:0
FNDA:0,useExercises
FNDA:0,(anonymous_1)
FNDA:0,(anonymous_2)
FNDA:0,(anonymous_3)
FNDA:0,(anonymous_4)
FNDA:0,(anonymous_5)
FNDA:0,(anonymous_6)
FNDA:0,(anonymous_7)
FNDA:0,(anonymous_8)
FNDA:0,(anonymous_9)
FNDA:0,(anonymous_10)
FNDA:0,(anonymous_11)
FNDA:0,(anonymous_12)
FNDA:0,(anonymous_13)
FNDA:0,(anonymous_14)
FNDA:0,(anonymous_15)
FNDA:0,(anonymous_16)
FNDA:0,(anonymous_17)
FNDA:0,(anonymous_18)
FNDA:0,(anonymous_19)
FNDA:0,(anonymous_20)
FNDA:0,(anonymous_21)
FNDA:0,(anonymous_22)
FNDA:0,(anonymous_23)
FNDA:0,(anonymous_24)
FNDA:0,(anonymous_25)
FNDA:0,(anonymous_26)
FNDA:0,(anonymous_27)
FNDA:0,(anonymous_28)
FNDA:0,(anonymous_29)
FNDA:0,(anonymous_30)
FNDA:0,(anonymous_31)
FNDA:0,(anonymous_32)
FNDA:0,(anonymous_33)
FNDA:0,(anonymous_34)
FNDA:0,(anonymous_35)
FNDA:0,(anonymous_36)
FNDA:0,(anonymous_37)
DA:5,0
DA:6,0
DA:7,0
DA:8,0
DA:11,0
DA:12,0
DA:13,0
DA:14,0
DA:16,0
DA:21,0
DA:23,0
DA:24,0
DA:26,0
DA:27,0
DA:28,0
DA:30,0
DA:35,0
DA:36,0
DA:37,0
DA:38,0
DA:40,0
DA:54,0
DA:56,0
DA:57,0
DA:59,0
DA:60,0
DA:61,0
DA:63,0
DA:68,0
DA:69,0
DA:70,0
DA:71,0
DA:73,0
DA:80,0
DA:82,0
DA:83,0
DA:86,0
DA:88,0
DA:89,0
DA:90,0
DA:92,0
DA:97,0
DA:98,0
DA:99,0
DA:100,0
DA:103,0
DA:109,0
DA:110,0
DA:113,0
DA:118,0
DA:120,0
DA:121,0
DA:123,0
DA:124,0
DA:125,0
DA:127,0
DA:132,0
DA:133,0
DA:134,0
DA:135,0
DA:137,0
DA:144,0
DA:146,0
DA:147,0
DA:150,0
DA:152,0
DA:153,0
DA:154,0
DA:156,0
DA:161,0
DA:162,0
DA:163,0
DA:164,0
DA:166,0
DA:181,0
DA:183,0
DA:188,0
DA:190,0
DA:191,0
DA:192,0
DA:194,0
DA:199,0
DA:200,0
DA:201,0
DA:203,0
DA:204,0
DA:205,0
DA:207,0
DA:210,0
DA:211,0
DA:212,0
DA:213,0
DA:220,0
DA:221,0
DA:224,0
DA:225,0
DA:227,0
DA:228,0
DA:229,0
DA:230,0
DA:232,0
DA:234,0
DA:235,0
DA:236,0
DA:240,0
DA:241,0
DA:242,0
DA:247,0
DA:248,0
DA:249,0
DA:250,0
DA:257,0
DA:258,0
DA:259,0
DA:262,0
DA:264,0
DA:266,0
DA:268,0
DA:269,0
DA:271,0
DA:272,0
DA:275,0
DA:276,0
DA:280,0
DA:281,0
DA:284,0
LF:126
LH:0
BRDA:21,0,0,0
BRDA:21,0,1,0
BRDA:23,1,0,0
BRDA:23,1,1,0
BRDA:45,2,0,0
BRDA:45,2,1,0
BRDA:46,3,0,0
BRDA:46,3,1,0
BRDA:47,4,0,0
BRDA:47,4,1,0
BRDA:48,5,0,0
BRDA:48,5,1,0
BRDA:54,6,0,0
BRDA:54,6,1,0
BRDA:80,7,0,0
BRDA:80,7,1,0
BRDA:83,8,0,0
BRDA:83,8,1,0
BRDA:109,9,0,0
BRDA:109,9,1,0
BRDA:109,10,0,0
BRDA:109,10,1,0
BRDA:118,11,0,0
BRDA:118,11,1,0
BRDA:132,12,0,0
BRDA:144,13,0,0
BRDA:144,13,1,0
BRDA:147,14,0,0
BRDA:147,14,1,0
BRDA:161,15,0,0
BRDA:181,16,0,0
BRDA:181,16,1,0
BRDA:185,17,0,0
BRDA:185,17,1,0
BRDA:201,18,0,0
BRDA:201,18,1,0
BRDA:201,19,0,0
BRDA:201,19,1,0
BRDA:209,20,0,0
BRDA:209,20,1,0
BRDA:210,21,0,0
BRDA:210,21,1,0
BRDA:212,22,0,0
BRDA:212,22,1,0
BRDA:213,23,0,0
BRDA:213,23,1,0
BRDA:221,24,0,0
BRDA:221,24,1,0
BRDA:234,25,0,0
BRDA:234,25,1,0
BRDA:235,26,0,0
BRDA:235,26,1,0
BRDA:242,27,0,0
BRDA:242,27,1,0
BRDA:250,28,0,0
BRDA:250,28,1,0
BRDA:250,28,2,0
BRDA:257,29,0,0
BRDA:259,30,0,0
BRDA:259,30,1,0
BRDA:259,31,0,0
BRDA:259,31,1,0
BRDA:266,32,0,0
BRDA:266,32,1,0
BRDA:269,33,0,0
BRDA:269,33,1,0
BRF:66
BRH:0
end_of_record
TN:
SF:src\hooks\useWorkoutSessions.js
FN:5,useWorkoutSessions
FN:12,(anonymous_1)
FN:49,(anonymous_2)
FN:69,(anonymous_3)
FN:81,(anonymous_4)
FN:95,(anonymous_5)
FN:95,(anonymous_6)
FN:110,(anonymous_7)
FN:131,(anonymous_8)
FN:131,(anonymous_9)
FN:146,(anonymous_10)
FN:165,(anonymous_11)
FN:165,(anonymous_12)
FN:177,(anonymous_13)
FN:201,(anonymous_14)
FN:201,(anonymous_15)
FN:222,(anonymous_16)
FN:247,(anonymous_17)
FN:247,(anonymous_18)
FN:251,(anonymous_19)
FN:268,(anonymous_20)
FN:269,(anonymous_21)
FN:273,(anonymous_22)
FN:275,(anonymous_23)
FN:276,(anonymous_24)
FN:283,(anonymous_25)
FN:288,(anonymous_26)
FN:289,(anonymous_27)
FN:295,(anonymous_28)
FN:296,(anonymous_29)
FNF:30
FNH:0
FNDA:0,useWorkoutSessions
FNDA:0,(anonymous_1)
FNDA:0,(anonymous_2)
FNDA:0,(anonymous_3)
FNDA:0,(anonymous_4)
FNDA:0,(anonymous_5)
FNDA:0,(anonymous_6)
FNDA:0,(anonymous_7)
FNDA:0,(anonymous_8)
FNDA:0,(anonymous_9)
FNDA:0,(anonymous_10)
FNDA:0,(anonymous_11)
FNDA:0,(anonymous_12)
FNDA:0,(anonymous_13)
FNDA:0,(anonymous_14)
FNDA:0,(anonymous_15)
FNDA:0,(anonymous_16)
FNDA:0,(anonymous_17)
FNDA:0,(anonymous_18)
FNDA:0,(anonymous_19)
FNDA:0,(anonymous_20)
FNDA:0,(anonymous_21)
FNDA:0,(anonymous_22)
FNDA:0,(anonymous_23)
FNDA:0,(anonymous_24)
FNDA:0,(anonymous_25)
FNDA:0,(anonymous_26)
FNDA:0,(anonymous_27)
FNDA:0,(anonymous_28)
FNDA:0,(anonymous_29)
DA:6,0
DA:7,0
DA:8,0
DA:9,0
DA:12,0
DA:13,0
DA:14,0
DA:15,0
DA:17,0
DA:35,0
DA:37,0
DA:38,0
DA:40,0
DA:41,0
DA:42,0
DA:44,0
DA:49,0
DA:50,0
DA:51,0
DA:52,0
DA:54,0
DA:67,0
DA:69,0
DA:70,0
DA:72,0
DA:73,0
DA:74,0
DA:76,0
DA:81,0
DA:82,0
DA:83,0
DA:84,0
DA:86,0
DA:93,0
DA:95,0
DA:96,0
DA:99,0
DA:101,0
DA:102,0
DA:103,0
DA:105,0
DA:110,0
DA:111,0
DA:112,0
DA:113,0
DA:115,0
DA:129,0
DA:131,0
DA:132,0
DA:135,0
DA:137,0
DA:138,0
DA:139,0
DA:141,0
DA:146,0
DA:147,0
DA:148,0
DA:149,0
DA:152,0
DA:158,0
DA:163,0
DA:165,0
DA:166,0
DA:168,0
DA:169,0
DA:170,0
DA:172,0
DA:177,0
DA:178,0
DA:179,0
DA:180,0
DA:182,0
DA:198,0
DA:201,0
DA:202,0
DA:203,0
DA:208,0
DA:211,0
DA:213,0
DA:214,0
DA:215,0
DA:217,0
DA:222,0
DA:223,0
DA:224,0
DA:225,0
DA:228,0
DA:236,0
DA:239,0
DA:244,0
DA:247,0
DA:248,0
DA:249,0
DA:251,0
DA:254,0
DA:257,0
DA:259,0
DA:260,0
DA:261,0
DA:263,0
DA:268,0
DA:269,0
DA:270,0
DA:272,0
DA:273,0
DA:274,0
DA:275,0
DA:276,0
DA:278,0
DA:283,0
DA:288,0
DA:289,0
DA:290,0
DA:293,0
DA:295,0
DA:296,0
DA:297,0
DA:298,0
DA:299,0
DA:303,0
DA:306,0
LF:121
LH:0
BRDA:35,0,0,0
BRDA:35,0,1,0
BRDA:37,1,0,0
BRDA:37,1,1,0
BRDA:59,2,0,0
BRDA:59,2,1,0
BRDA:60,3,0,0
BRDA:60,3,1,0
BRDA:67,4,0,0
BRDA:67,4,1,0
BRDA:93,5,0,0
BRDA:93,5,1,0
BRDA:96,6,0,0
BRDA:96,6,1,0
BRDA:123,7,0,0
BRDA:123,7,1,0
BRDA:129,8,0,0
BRDA:129,8,1,0
BRDA:132,9,0,0
BRDA:132,9,1,0
BRDA:163,10,0,0
BRDA:163,10,1,0
BRDA:193,11,0,0
BRDA:193,11,1,0
BRDA:198,12,0,0
BRDA:198,12,1,0
BRDA:202,13,0,0
BRDA:202,13,1,0
BRDA:205,14,0,0
BRDA:205,14,1,0
BRDA:236,15,0,0
BRDA:236,15,1,0
BRDA:244,16,0,0
BRDA:244,16,1,0
BRDA:248,17,0,0
BRDA:248,17,1,0
BRDA:251,18,0,0
BRDA:251,18,1,0
BRDA:270,19,0,0
BRDA:270,19,1,0
BRDA:270,20,0,0
BRDA:270,20,1,0
BRDA:276,21,0,0
BRDA:276,21,1,0
BRDA:290,22,0,0
BRDA:290,22,1,0
BRDA:299,23,0,0
BRDA:299,23,1,0
BRF:48
BRH:0
end_of_record
TN:
SF:src\lib\supabaseClient.js
FNF:0
FNH:0
DA:3,0
DA:4,0
DA:6,0
LF:3
LH:0
BRDA:3,0,0,0
BRDA:3,0,1,0
BRDA:4,1,0,0
BRDA:4,1,1,0
BRF:4
BRH:0
end_of_record
TN:
SF:src\lib\useActiveSession.js
FN:7,useActiveSession
FN:12,(anonymous_1)
FN:16,(anonymous_2)
FN:33,(anonymous_3)
FN:57,(anonymous_4)
FN:84,(anonymous_5)
FNF:6
FNH:0
FNDA:0,useActiveSession
FNDA:0,(anonymous_1)
FNDA:0,(anonymous_2)
FNDA:0,(anonymous_3)
FNDA:0,(anonymous_4)
FNDA:0,(anonymous_5)
DA:8,0
DA:9,0
DA:12,0
DA:13,0
DA:16,0
DA:17,0
DA:18,0
DA:25,0
DA:26,0
DA:29,0
DA:33,0
DA:34,0
DA:35,0
DA:36,0
DA:45,0
DA:47,0
DA:48,0
DA:50,0
DA:51,0
DA:53,0
DA:57,0
DA:58,0
DA:60,0
DA:61,0
DA:62,0
DA:72,0
DA:74,0
DA:75,0
DA:77,0
DA:78,0
DA:80,0
DA:84,0
DA:85,0
DA:87,0
DA:88,0
DA:97,0
DA:98,0
DA:100,0
DA:101,0
DA:105,0
LF:40
LH:0
BRDA:25,0,0,0
BRDA:25,0,1,0
BRDA:25,1,0,0
BRDA:25,1,1,0
BRDA:25,1,2,0
BRDA:33,2,0,0
BRDA:45,3,0,0
BRDA:45,3,1,0
BRDA:57,4,0,0
BRDA:58,5,0,0
BRDA:58,5,1,0
BRDA:66,6,0,0
BRDA:66,6,1,0
BRDA:72,7,0,0
BRDA:72,7,1,0
BRDA:85,8,0,0
BRDA:85,8,1,0
BRDA:97,9,0,0
BRDA:97,9,1,0
BRF:19
BRH:0
end_of_record
TN:
SF:src\lib\useAdaptiveRIR.js
FN:9,useAdaptiveRIR
FN:11,(anonymous_1)
FN:16,(anonymous_2)
FN:19,(anonymous_3)
FNF:4
FNH:0
FNDA:0,useAdaptiveRIR
FNDA:0,(anonymous_1)
FNDA:0,(anonymous_2)
FNDA:0,(anonymous_3)
DA:10,0
DA:11,0
DA:12,0
DA:13,0
DA:17,0
DA:19,0
DA:21,0
LF:7
LH:0
BRDA:17,0,0,0
BRDA:17,0,1,0
BRDA:17,1,0,0
BRDA:17,1,1,0
BRDA:17,2,0,0
BRDA:17,2,1,0
BRF:6
BRH:0
end_of_record
TN:
SF:src\lib\useSessionSets.js
FN:4,useSessionSets
FN:6,(anonymous_1)
FN:14,(anonymous_2)
FN:17,(anonymous_3)
FNF:4
FNH:0
FNDA:0,useSessionSets
FNDA:0,(anonymous_1)
FNDA:0,(anonymous_2)
FNDA:0,(anonymous_3)
DA:5,0
DA:6,0
DA:7,0
DA:8,0
DA:9,0
DA:15,0
DA:17,0
DA:19,0
LF:8
LH:0
BRDA:7,0,0,0
BRDA:7,0,1,0
BRDA:15,1,0,0
BRDA:15,1,1,0
BRDA:15,2,0,0
BRDA:15,2,1,0
BRDA:15,3,0,0
BRDA:15,3,1,0
BRF:8
BRH:0
end_of_record
TN:
SF:src\lib\useWeeklyVolume.js
FN:9,useWeeklyVolume
FN:13,(anonymous_1)
FN:21,(anonymous_2)
FN:27,(anonymous_3)
FNF:4
FNH:0
FNDA:0,useWeeklyVolume
FNDA:0,(anonymous_1)
FNDA:0,(anonymous_2)
FNDA:0,(anonymous_3)
DA:10,0
DA:11,0
DA:13,0
DA:14,0
DA:15,0
DA:17,0
DA:22,0
DA:23,0
DA:25,0
DA:27,0
DA:30,0
LF:11
LH:0
BRDA:22,0,0,0
BRDA:22,0,1,0
BRDA:22,1,0,0
BRDA:22,1,1,0
BRDA:23,2,0,0
BRDA:23,2,1,0
BRF:6
BRH:0
end_of_record
TN:
SF:src\lib\useWorkoutSessions.js
FN:4,useWorkoutSessions
FN:6,(anonymous_1)
FN:12,(anonymous_2)
FN:15,(anonymous_3)
FNF:4
FNH:0
FNDA:0,useWorkoutSessions
FNDA:0,(anonymous_1)
FNDA:0,(anonymous_2)
FNDA:0,(anonymous_3)
DA:5,0
DA:6,0
DA:7,0
DA:8,0
DA:13,0
DA:15,0
DA:17,0
LF:7
LH:0
BRDA:13,0,0,0
BRDA:13,0,1,0
BRDA:13,1,0,0
BRDA:13,1,1,0
BRDA:13,2,0,0
BRDA:13,2,1,0
BRF:6
BRH:0
end_of_record
TN:
SF:src\pages\AuthPage.jsx
FN:5,AuthPage
FN:14,(anonymous_1)
FN:57,(anonymous_2)
FN:76,(anonymous_3)
FN:110,(anonymous_4)
FN:120,(anonymous_5)
FN:137,(anonymous_6)
FN:149,(anonymous_7)
FN:163,(anonymous_8)
FN:220,(anonymous_9)
FNF:10
FNH:0
FNDA:0,AuthPage
FNDA:0,(anonymous_1)
FNDA:0,(anonymous_2)
FNDA:0,(anonymous_3)
FNDA:0,(anonymous_4)
FNDA:0,(anonymous_5)
FNDA:0,(anonymous_6)
FNDA:0,(anonymous_7)
FNDA:0,(anonymous_8)
FNDA:0,(anonymous_9)
DA:6,0
DA:7,0
DA:8,0
DA:9,0
DA:10,0
DA:11,0
DA:12,0
DA:14,0
DA:15,0
DA:16,0
DA:17,0
DA:18,0
DA:20,0
DA:21,0
DA:23,0
DA:24,0
DA:26,0
DA:27,0
DA:30,0
DA:35,0
DA:37,0
DA:38,0
DA:41,0
DA:46,0
DA:51,0
DA:53,0
DA:57,0
DA:58,0
DA:59,0
DA:60,0
DA:62,0
DA:69,0
DA:71,0
DA:72,0
DA:76,0
DA:77,0
DA:78,0
DA:79,0
DA:82,0
DA:83,0
DA:84,0
DA:86,0
DA:88,0
DA:90,0
DA:92,0
DA:94,0
DA:98,0
DA:111,0
DA:112,0
DA:113,0
DA:121,0
DA:122,0
DA:123,0
DA:137,0
DA:149,0
DA:163,0
DA:221,0
DA:222,0
DA:223,0
LF:59
LH:0
BRDA:21,0,0,0
BRDA:21,0,1,0
BRDA:23,1,0,0
BRDA:23,1,1,0
BRDA:26,2,0,0
BRDA:26,2,1,0
BRDA:35,3,0,0
BRDA:35,3,1,0
BRDA:37,4,0,0
BRDA:37,4,1,0
BRDA:37,5,0,0
BRDA:37,5,1,0
BRDA:46,6,0,0
BRDA:46,6,1,0
BRDA:69,7,0,0
BRDA:69,7,1,0
BRDA:77,8,0,0
BRDA:77,8,1,0
BRDA:88,9,0,0
BRDA:88,9,1,0
BRDA:109,10,0,0
BRDA:109,10,1,0
BRDA:119,11,0,0
BRDA:119,11,1,0
BRDA:156,12,0,0
BRDA:156,12,1,0
BRDA:171,13,0,0
BRDA:171,13,1,0
BRDA:172,14,0,0
BRDA:172,14,1,0
BRDA:179,15,0,0
BRDA:179,15,1,0
BRDA:179,16,0,0
BRDA:179,16,1,0
BRDA:201,17,0,0
BRDA:201,17,1,0
BRDA:216,18,0,0
BRDA:216,18,1,0
BRDA:226,19,0,0
BRDA:226,19,1,0
BRF:40
BRH:0
end_of_record
TN:
SF:src\pages\Home.jsx
FN:6,Home
FN:12,(anonymous_1)
FN:15,(anonymous_2)
FN:23,(anonymous_3)
FN:27,(anonymous_4)
FN:76,(anonymous_5)
FN:82,(anonymous_6)
FN:88,(anonymous_7)
FN:104,(anonymous_8)
FNF:9
FNH:0
FNDA:0,Home
FNDA:0,(anonymous_1)
FNDA:0,(anonymous_2)
FNDA:0,(anonymous_3)
FNDA:0,(anonymous_4)
FNDA:0,(anonymous_5)
FNDA:0,(anonymous_6)
FNDA:0,(anonymous_7)
FNDA:0,(anonymous_8)
DA:7,0
DA:8,0
DA:9,0
DA:12,0
DA:13,0
DA:15,0
DA:16,0
DA:18,0
DA:19,0
DA:20,0
DA:23,0
DA:25,0
DA:27,0
DA:28,0
DA:29,0
DA:37,0
DA:38,0
DA:44,0
DA:45,0
DA:48,0
DA:50,0
DA:76,0
DA:82,0
DA:88,0
DA:104,0
LF:25
LH:0
BRDA:13,0,0,0
BRDA:13,0,1,0
BRDA:18,1,0,0
BRDA:18,1,1,0
BRDA:19,2,0,0
BRDA:19,2,1,0
BRDA:28,3,0,0
BRDA:28,3,1,0
BRDA:37,4,0,0
BRDA:37,4,1,0
BRDA:37,5,0,0
BRDA:37,5,1,0
BRDA:60,6,0,0
BRDA:60,6,1,0
BRF:14
BRH:0
end_of_record
TN:
SF:src\pages\Intelligence.jsx
FN:3,Intelligence
FN:10,(anonymous_1)
FNF:2
FNH:0
FNDA:0,Intelligence
FNDA:0,(anonymous_1)
DA:4,0
DA:5,0
DA:11,0
LF:3
LH:0
BRDA:8,0,0,0
BRDA:8,0,1,0
BRDA:14,1,0,0
BRDA:14,1,1,0
BRF:4
BRH:0
end_of_record
TN:
SF:src\pages\Logger.jsx
FN:5,Logger
FN:18,(anonymous_1)
FN:27,(anonymous_2)
FN:36,(anonymous_3)
FN:48,(anonymous_4)
FN:72,(anonymous_5)
FN:107,(anonymous_6)
FN:107,(anonymous_7)
FN:121,(anonymous_8)
FN:121,(anonymous_9)
FN:133,(anonymous_10)
FN:133,(anonymous_11)
FN:146,(anonymous_12)
FN:146,(anonymous_13)
FN:166,(anonymous_14)
FNF:15
FNH:0
FNDA:0,Logger
FNDA:0,(anonymous_1)
FNDA:0,(anonymous_2)
FNDA:0,(anonymous_3)
FNDA:0,(anonymous_4)
FNDA:0,(anonymous_5)
FNDA:0,(anonymous_6)
FNDA:0,(anonymous_7)
FNDA:0,(anonymous_8)
FNDA:0,(anonymous_9)
FNDA:0,(anonymous_10)
FNDA:0,(anonymous_11)
FNDA:0,(anonymous_12)
FNDA:0,(anonymous_13)
FNDA:0,(anonymous_14)
DA:6,0
DA:7,0
DA:9,0
DA:10,0
DA:18,0
DA:19,0
DA:20,0
DA:21,0
DA:23,0
DA:27,0
DA:28,0
DA:29,0
DA:30,0
DA:32,0
DA:36,0
DA:37,0
DA:38,0
DA:39,0
DA:48,0
DA:56,0
DA:60,0
DA:72,0
DA:107,0
DA:121,0
DA:133,0
DA:146,0
DA:167,0
LF:27
LH:0
BRDA:41,0,0,0
BRDA:41,0,1,0
BRDA:42,1,0,0
BRDA:42,1,1,0
BRDA:43,2,0,0
BRDA:43,2,1,0
BRDA:64,3,0,0
BRDA:64,3,1,0
BRDA:82,4,0,0
BRDA:82,4,1,0
BRDA:93,5,0,0
BRDA:93,5,1,0
BRDA:162,6,0,0
BRDA:162,6,1,0
BRDA:171,7,0,0
BRDA:171,7,1,0
BRDA:185,8,0,0
BRDA:185,8,1,0
BRF:18
BRH:0
end_of_record
TN:
SF:src\pages\Sessions.jsx
FN:6,Sessions
FN:23,(anonymous_1)
FN:25,(anonymous_2)
FN:34,(anonymous_3)
FN:49,(anonymous_4)
FNF:5
FNH:0
FNDA:0,Sessions
FNDA:0,(anonymous_1)
FNDA:0,(anonymous_2)
FNDA:0,(anonymous_3)
FNDA:0,(anonymous_4)
DA:7,0
DA:8,0
DA:9,0
DA:11,0
DA:24,0
DA:25,0
DA:34,0
DA:50,0
LF:8
LH:0
BRDA:27,0,0,0
BRDA:27,0,1,0
BRDA:28,1,0,0
BRDA:28,1,1,0
BRDA:36,2,0,0
BRDA:36,2,1,0
BRDA:37,3,0,0
BRDA:37,3,1,0
BRDA:55,4,0,0
BRDA:55,4,1,0
BRF:10
BRH:0
end_of_record
